<?xml version="1.0" encoding="UTF-8"?>
<testng-results ignored="0" total="2" passed="1" failed="0" skipped="1">
  <reporter-output>
  </reporter-output>
  <suite started-at="2023-03-31T12:15:19 IST" name="Suite 1234" finished-at="2023-03-31T12:15:39 IST" duration-ms="19926">
    <groups>
    </groups>
    <test started-at="2023-03-31T12:15:19 IST" name="Chrome" finished-at="2023-03-31T12:15:23 IST" duration-ms="3479">
      <class name="facebookproject10dec.testNg">
        <test-method is-config="true" signature="launchBrowser(java.lang.String)[pri:0, instance:facebookproject10dec.testNg@6572421]" started-at="2023-03-31T12:15:19 IST" name="launchBrowser" finished-at="2023-03-31T12:15:23 IST" duration-ms="3347" status="FAIL">
          <params>
            <param index="0">
              <value>
                <![CDATA[Chrome]]>
              </value>
            </param>
          </params>
          <exception class="org.openqa.selenium.SessionNotCreatedException">
            <message>
              <![CDATA[session not created: This version of ChromeDriver only supports Chrome version 108
Current browser version is 111.0.5563.147 with binary path C:\Program Files\Google\Chrome\Application\chrome.exe
Build info: version: '3.141.59', revision: 'e82be7d358', time: '2018-11-14T08:17:03'
System info: host: 'DESKTOP-NRGEUNT', ip: '192.168.43.142', os.name: 'Windows 10', os.arch: 'amd64', os.version: '10.0', java.version: '18.0.1.1'
Driver info: driver.version: ChromeDriver
remote stacktrace: Backtrace:
(No symbol) [0x0076E563]
(No symbol) [0x006F7FC1]
(No symbol) [0x005ED04D]
(No symbol) [0x0060F6B4]
(No symbol) [0x0060A97C]
(No symbol) [0x006082E9]
(No symbol) [0x0063F056]
(No symbol) [0x0063EB2A]
(No symbol) [0x00638386]
(No symbol) [0x0061163C]
(No symbol) [0x0061269D]
GetHandleVerifier [0x00A09B82+2658722]
GetHandleVerifier [0x009FCB84+2605476]
GetHandleVerifier [0x0081825A+620666]
GetHandleVerifier [0x00816E80+615584]
(No symbol) [0x007005EC]
(No symbol) [0x00705958]
(No symbol) [0x00705A45]
(No symbol) [0x0071050B]
BaseThreadInitThunk [0x776100F9+25]
RtlGetAppContainerNamedObjectPath [0x77757BBE+286]
RtlGetAppContainerNamedObjectPath [0x77757B8E+238]
]]>
            </message>
            <full-stacktrace>
              <![CDATA[org.openqa.selenium.SessionNotCreatedException: session not created: This version of ChromeDriver only supports Chrome version 108
Current browser version is 111.0.5563.147 with binary path C:\Program Files\Google\Chrome\Application\chrome.exe
Build info: version: '3.141.59', revision: 'e82be7d358', time: '2018-11-14T08:17:03'
System info: host: 'DESKTOP-NRGEUNT', ip: '192.168.43.142', os.name: 'Windows 10', os.arch: 'amd64', os.version: '10.0', java.version: '18.0.1.1'
Driver info: driver.version: ChromeDriver
remote stacktrace: Backtrace:
(No symbol) [0x0076E563]
(No symbol) [0x006F7FC1]
(No symbol) [0x005ED04D]
(No symbol) [0x0060F6B4]
(No symbol) [0x0060A97C]
(No symbol) [0x006082E9]
(No symbol) [0x0063F056]
(No symbol) [0x0063EB2A]
(No symbol) [0x00638386]
(No symbol) [0x0061163C]
(No symbol) [0x0061269D]
GetHandleVerifier [0x00A09B82+2658722]
GetHandleVerifier [0x009FCB84+2605476]
GetHandleVerifier [0x0081825A+620666]
GetHandleVerifier [0x00816E80+615584]
(No symbol) [0x007005EC]
(No symbol) [0x00705958]
(No symbol) [0x00705A45]
(No symbol) [0x0071050B]
BaseThreadInitThunk [0x776100F9+25]
RtlGetAppContainerNamedObjectPath [0x77757BBE+286]
RtlGetAppContainerNamedObjectPath [0x77757B8E+238]

at java.base/jdk.internal.reflect.DirectConstructorHandleAccessor.newInstance(DirectConstructorHandleAccessor.java:67)
at java.base/java.lang.reflect.Constructor.newInstanceWithCaller(Constructor.java:499)
at java.base/java.lang.reflect.Constructor.newInstance(Constructor.java:483)
at org.openqa.selenium.remote.W3CHandshakeResponse.lambda$errorHandler$0(W3CHandshakeResponse.java:62)
at org.openqa.selenium.remote.HandshakeResponse.lambda$getResponseFunction$0(HandshakeResponse.java:30)
at org.openqa.selenium.remote.ProtocolHandshake.lambda$createSession$0(ProtocolHandshake.java:126)
at java.base/java.util.stream.ReferencePipeline$3$1.accept(ReferencePipeline.java:197)
at java.base/java.util.Spliterators$ArraySpliterator.tryAdvance(Spliterators.java:1002)
at java.base/java.util.stream.ReferencePipeline.forEachWithCancel(ReferencePipeline.java:129)
at java.base/java.util.stream.AbstractPipeline.copyIntoWithCancel(AbstractPipeline.java:527)
at java.base/java.util.stream.AbstractPipeline.copyInto(AbstractPipeline.java:513)
at java.base/java.util.stream.AbstractPipeline.wrapAndCopyInto(AbstractPipeline.java:499)
at java.base/java.util.stream.FindOps$FindOp.evaluateSequential(FindOps.java:150)
at java.base/java.util.stream.AbstractPipeline.evaluate(AbstractPipeline.java:234)
at java.base/java.util.stream.ReferencePipeline.findFirst(ReferencePipeline.java:647)
at org.openqa.selenium.remote.ProtocolHandshake.createSession(ProtocolHandshake.java:128)
at org.openqa.selenium.remote.ProtocolHandshake.createSession(ProtocolHandshake.java:74)
at org.openqa.selenium.remote.HttpCommandExecutor.execute(HttpCommandExecutor.java:136)
at org.openqa.selenium.remote.service.DriverCommandExecutor.execute(DriverCommandExecutor.java:83)
at org.openqa.selenium.remote.RemoteWebDriver.execute(RemoteWebDriver.java:552)
at org.openqa.selenium.remote.RemoteWebDriver.startSession(RemoteWebDriver.java:213)
at org.openqa.selenium.remote.RemoteWebDriver.<init>(RemoteWebDriver.java:131)
at org.openqa.selenium.chrome.ChromeDriver.<init>(ChromeDriver.java:181)
at org.openqa.selenium.chrome.ChromeDriver.<init>(ChromeDriver.java:168)
at org.openqa.selenium.chrome.ChromeDriver.<init>(ChromeDriver.java:123)
at BrowserSetup.base.openChromeBrowser(base.java:13)
at facebookproject10dec.testNg.launchBrowser(testNg.java:46)
at java.base/jdk.internal.reflect.DirectMethodHandleAccessor.invoke(DirectMethodHandleAccessor.java:104)
at java.base/java.lang.reflect.Method.invoke(Method.java:577)
at org.testng.internal.MethodInvocationHelper.invokeMethod(MethodInvocationHelper.java:133)
at org.testng.internal.MethodInvocationHelper.invokeMethodConsideringTimeout(MethodInvocationHelper.java:62)
at org.testng.internal.ConfigInvoker.invokeConfigurationMethod(ConfigInvoker.java:385)
at org.testng.internal.ConfigInvoker.invokeConfigurations(ConfigInvoker.java:321)
at org.testng.TestRunner.invokeTestConfigurations(TestRunner.java:637)
at org.testng.TestRunner.beforeRun(TestRunner.java:627)
at org.testng.TestRunner.run(TestRunner.java:589)
at org.testng.SuiteRunner.runTest(SuiteRunner.java:377)
at org.testng.SuiteRunner.runSequentially(SuiteRunner.java:371)
at org.testng.SuiteRunner.privateRun(SuiteRunner.java:332)
at org.testng.SuiteRunner.run(SuiteRunner.java:276)
at org.testng.SuiteRunnerWorker.runSuite(SuiteRunnerWorker.java:53)
at org.testng.SuiteRunnerWorker.run(SuiteRunnerWorker.java:96)
at org.testng.TestNG.runSuitesSequentially(TestNG.java:1212)
at org.testng.TestNG.runSuitesLocally(TestNG.java:1134)
at org.testng.TestNG.runSuites(TestNG.java:1063)
at org.testng.TestNG.run(TestNG.java:1031)
at org.testng.remote.AbstractRemoteTestNG.run(AbstractRemoteTestNG.java:115)
at org.testng.remote.RemoteTestNG.initAndRun(RemoteTestNG.java:251)
at org.testng.remote.RemoteTestNG.main(RemoteTestNG.java:77)
]]>
            </full-stacktrace>
          </exception> <!-- org.openqa.selenium.SessionNotCreatedException -->
          <reporter-output>
          </reporter-output>
        </test-method> <!-- launchBrowser -->
        <test-method is-config="true" signature="CreatePOMObjects()[pri:0, instance:facebookproject10dec.testNg@6572421]" started-at="2023-03-31T12:15:23 IST" name="CreatePOMObjects" finished-at="1970-01-01T05:30:00 IST" duration-ms="-1680245123323" status="SKIP">
          <reporter-output>
          </reporter-output>
        </test-method> <!-- CreatePOMObjects -->
        <test-method is-config="true" signature="verifyHomePage()[pri:0, instance:facebookproject10dec.testNg@6572421]" started-at="2023-03-31T12:15:23 IST" name="verifyHomePage" finished-at="1970-01-01T05:30:00 IST" duration-ms="-1680245123341" status="SKIP">
          <reporter-output>
          </reporter-output>
        </test-method> <!-- verifyHomePage -->
        <test-method signature="verifyFeaturePage()[pri:0, instance:facebookproject10dec.testNg@6572421]" started-at="2023-03-31T12:15:23 IST" name="verifyFeaturePage" finished-at="2023-03-31T12:15:23 IST" duration-ms="0" status="SKIP">
          <exception class="org.openqa.selenium.SessionNotCreatedException">
            <message>
              <![CDATA[session not created: This version of ChromeDriver only supports Chrome version 108
Current browser version is 111.0.5563.147 with binary path C:\Program Files\Google\Chrome\Application\chrome.exe
Build info: version: '3.141.59', revision: 'e82be7d358', time: '2018-11-14T08:17:03'
System info: host: 'DESKTOP-NRGEUNT', ip: '192.168.43.142', os.name: 'Windows 10', os.arch: 'amd64', os.version: '10.0', java.version: '18.0.1.1'
Driver info: driver.version: ChromeDriver
remote stacktrace: Backtrace:
(No symbol) [0x0076E563]
(No symbol) [0x006F7FC1]
(No symbol) [0x005ED04D]
(No symbol) [0x0060F6B4]
(No symbol) [0x0060A97C]
(No symbol) [0x006082E9]
(No symbol) [0x0063F056]
(No symbol) [0x0063EB2A]
(No symbol) [0x00638386]
(No symbol) [0x0061163C]
(No symbol) [0x0061269D]
GetHandleVerifier [0x00A09B82+2658722]
GetHandleVerifier [0x009FCB84+2605476]
GetHandleVerifier [0x0081825A+620666]
GetHandleVerifier [0x00816E80+615584]
(No symbol) [0x007005EC]
(No symbol) [0x00705958]
(No symbol) [0x00705A45]
(No symbol) [0x0071050B]
BaseThreadInitThunk [0x776100F9+25]
RtlGetAppContainerNamedObjectPath [0x77757BBE+286]
RtlGetAppContainerNamedObjectPath [0x77757B8E+238]
]]>
            </message>
            <full-stacktrace>
              <![CDATA[org.openqa.selenium.SessionNotCreatedException: session not created: This version of ChromeDriver only supports Chrome version 108
Current browser version is 111.0.5563.147 with binary path C:\Program Files\Google\Chrome\Application\chrome.exe
Build info: version: '3.141.59', revision: 'e82be7d358', time: '2018-11-14T08:17:03'
System info: host: 'DESKTOP-NRGEUNT', ip: '192.168.43.142', os.name: 'Windows 10', os.arch: 'amd64', os.version: '10.0', java.version: '18.0.1.1'
Driver info: driver.version: ChromeDriver
remote stacktrace: Backtrace:
(No symbol) [0x0076E563]
(No symbol) [0x006F7FC1]
(No symbol) [0x005ED04D]
(No symbol) [0x0060F6B4]
(No symbol) [0x0060A97C]
(No symbol) [0x006082E9]
(No symbol) [0x0063F056]
(No symbol) [0x0063EB2A]
(No symbol) [0x00638386]
(No symbol) [0x0061163C]
(No symbol) [0x0061269D]
GetHandleVerifier [0x00A09B82+2658722]
GetHandleVerifier [0x009FCB84+2605476]
GetHandleVerifier [0x0081825A+620666]
GetHandleVerifier [0x00816E80+615584]
(No symbol) [0x007005EC]
(No symbol) [0x00705958]
(No symbol) [0x00705A45]
(No symbol) [0x0071050B]
BaseThreadInitThunk [0x776100F9+25]
RtlGetAppContainerNamedObjectPath [0x77757BBE+286]
RtlGetAppContainerNamedObjectPath [0x77757B8E+238]

at java.base/jdk.internal.reflect.DirectConstructorHandleAccessor.newInstance(DirectConstructorHandleAccessor.java:67)
at java.base/java.lang.reflect.Constructor.newInstanceWithCaller(Constructor.java:499)
at java.base/java.lang.reflect.Constructor.newInstance(Constructor.java:483)
at org.openqa.selenium.remote.W3CHandshakeResponse.lambda$errorHandler$0(W3CHandshakeResponse.java:62)
at org.openqa.selenium.remote.HandshakeResponse.lambda$getResponseFunction$0(HandshakeResponse.java:30)
at org.openqa.selenium.remote.ProtocolHandshake.lambda$createSession$0(ProtocolHandshake.java:126)
at java.base/java.util.stream.ReferencePipeline$3$1.accept(ReferencePipeline.java:197)
at java.base/java.util.Spliterators$ArraySpliterator.tryAdvance(Spliterators.java:1002)
at java.base/java.util.stream.ReferencePipeline.forEachWithCancel(ReferencePipeline.java:129)
at java.base/java.util.stream.AbstractPipeline.copyIntoWithCancel(AbstractPipeline.java:527)
at java.base/java.util.stream.AbstractPipeline.copyInto(AbstractPipeline.java:513)
at java.base/java.util.stream.AbstractPipeline.wrapAndCopyInto(AbstractPipeline.java:499)
at java.base/java.util.stream.FindOps$FindOp.evaluateSequential(FindOps.java:150)
at java.base/java.util.stream.AbstractPipeline.evaluate(AbstractPipeline.java:234)
at java.base/java.util.stream.ReferencePipeline.findFirst(ReferencePipeline.java:647)
at org.openqa.selenium.remote.ProtocolHandshake.createSession(ProtocolHandshake.java:128)
at org.openqa.selenium.remote.ProtocolHandshake.createSession(ProtocolHandshake.java:74)
at org.openqa.selenium.remote.HttpCommandExecutor.execute(HttpCommandExecutor.java:136)
at org.openqa.selenium.remote.service.DriverCommandExecutor.execute(DriverCommandExecutor.java:83)
at org.openqa.selenium.remote.RemoteWebDriver.execute(RemoteWebDriver.java:552)
at org.openqa.selenium.remote.RemoteWebDriver.startSession(RemoteWebDriver.java:213)
at org.openqa.selenium.remote.RemoteWebDriver.<init>(RemoteWebDriver.java:131)
at org.openqa.selenium.chrome.ChromeDriver.<init>(ChromeDriver.java:181)
at org.openqa.selenium.chrome.ChromeDriver.<init>(ChromeDriver.java:168)
at org.openqa.selenium.chrome.ChromeDriver.<init>(ChromeDriver.java:123)
at BrowserSetup.base.openChromeBrowser(base.java:13)
at facebookproject10dec.testNg.launchBrowser(testNg.java:46)
at java.base/jdk.internal.reflect.DirectMethodHandleAccessor.invoke(DirectMethodHandleAccessor.java:104)
at java.base/java.lang.reflect.Method.invoke(Method.java:577)
at org.testng.internal.MethodInvocationHelper.invokeMethod(MethodInvocationHelper.java:133)
at org.testng.internal.MethodInvocationHelper.invokeMethodConsideringTimeout(MethodInvocationHelper.java:62)
at org.testng.internal.ConfigInvoker.invokeConfigurationMethod(ConfigInvoker.java:385)
at org.testng.internal.ConfigInvoker.invokeConfigurations(ConfigInvoker.java:321)
at org.testng.TestRunner.invokeTestConfigurations(TestRunner.java:637)
at org.testng.TestRunner.beforeRun(TestRunner.java:627)
at org.testng.TestRunner.run(TestRunner.java:589)
at org.testng.SuiteRunner.runTest(SuiteRunner.java:377)
at org.testng.SuiteRunner.runSequentially(SuiteRunner.java:371)
at org.testng.SuiteRunner.privateRun(SuiteRunner.java:332)
at org.testng.SuiteRunner.run(SuiteRunner.java:276)
at org.testng.SuiteRunnerWorker.runSuite(SuiteRunnerWorker.java:53)
at org.testng.SuiteRunnerWorker.run(SuiteRunnerWorker.java:96)
at org.testng.TestNG.runSuitesSequentially(TestNG.java:1212)
at org.testng.TestNG.runSuitesLocally(TestNG.java:1134)
at org.testng.TestNG.runSuites(TestNG.java:1063)
at org.testng.TestNG.run(TestNG.java:1031)
at org.testng.remote.AbstractRemoteTestNG.run(AbstractRemoteTestNG.java:115)
at org.testng.remote.RemoteTestNG.initAndRun(RemoteTestNG.java:251)
at org.testng.remote.RemoteTestNG.main(RemoteTestNG.java:77)
]]>
            </full-stacktrace>
          </exception> <!-- org.openqa.selenium.SessionNotCreatedException -->
          <reporter-output>
          </reporter-output>
        </test-method> <!-- verifyFeaturePage -->
        <test-method is-config="true" signature="LogOut(org.testng.ITestResult)[pri:0, instance:facebookproject10dec.testNg@6572421]" started-at="2023-03-31T12:15:23 IST" name="LogOut" finished-at="1970-01-01T05:30:00 IST" duration-ms="-1680245123365" status="SKIP">
          <reporter-output>
          </reporter-output>
        </test-method> <!-- LogOut -->
        <test-method is-config="true" signature="RemovePOMObjects()[pri:0, instance:facebookproject10dec.testNg@6572421]" started-at="2023-03-31T12:15:23 IST" name="RemovePOMObjects" finished-at="1970-01-01T05:30:00 IST" duration-ms="-1680245123376" status="SKIP">
          <reporter-output>
          </reporter-output>
        </test-method> <!-- RemovePOMObjects -->
        <test-method is-config="true" signature="CloseDriver()[pri:0, instance:facebookproject10dec.testNg@6572421]" started-at="2023-03-31T12:15:23 IST" name="CloseDriver" finished-at="1970-01-01T05:30:00 IST" duration-ms="-1680245123385" status="SKIP">
          <reporter-output>
          </reporter-output>
        </test-method> <!-- CloseDriver -->
      </class> <!-- facebookproject10dec.testNg -->
    </test> <!-- Chrome -->
    <test started-at="2023-03-31T12:15:23 IST" name="Firefox" finished-at="2023-03-31T12:15:39 IST" duration-ms="16382">
      <class name="facebookproject10dec.testNg">
        <test-method is-config="true" signature="launchBrowser(java.lang.String)[pri:0, instance:facebookproject10dec.testNg@409bf450]" started-at="2023-03-31T12:15:23 IST" name="launchBrowser" finished-at="2023-03-31T12:15:26 IST" duration-ms="3545" status="PASS">
          <params>
            <param index="0">
              <value>
                <![CDATA[Firefox]]>
              </value>
            </param>
          </params>
          <reporter-output>
          </reporter-output>
        </test-method> <!-- launchBrowser -->
        <test-method is-config="true" signature="CreatePOMObjects()[pri:0, instance:facebookproject10dec.testNg@409bf450]" started-at="2023-03-31T12:15:27 IST" name="CreatePOMObjects" finished-at="2023-03-31T12:15:27 IST" duration-ms="102" status="PASS">
          <reporter-output>
          </reporter-output>
        </test-method> <!-- CreatePOMObjects -->
        <test-method is-config="true" signature="verifyHomePage()[pri:0, instance:facebookproject10dec.testNg@409bf450]" started-at="2023-03-31T12:15:27 IST" name="verifyHomePage" finished-at="2023-03-31T12:15:32 IST" duration-ms="5885" status="PASS">
          <reporter-output>
          </reporter-output>
        </test-method> <!-- verifyHomePage -->
        <test-method signature="verifyFeaturePage()[pri:0, instance:facebookproject10dec.testNg@409bf450]" started-at="2023-03-31T12:15:32 IST" name="verifyFeaturePage" finished-at="2023-03-31T12:15:38 IST" duration-ms="5366" status="PASS">
          <reporter-output>
          </reporter-output>
        </test-method> <!-- verifyFeaturePage -->
        <test-method is-config="true" signature="LogOut(org.testng.ITestResult)[pri:0, instance:facebookproject10dec.testNg@409bf450]" started-at="2023-03-31T12:15:38 IST" name="LogOut" finished-at="2023-03-31T12:15:38 IST" duration-ms="1" status="PASS">
          <params>
            <param index="0">
              <value>
                <![CDATA[[TestResult name=verifyFeaturePage status=SUCCESS method=testNg.verifyFeaturePage()[pri:0, instance:facebookproject10dec.testNg@409bf450] output={null}]]]>
              </value>
            </param>
          </params>
          <reporter-output>
          </reporter-output>
        </test-method> <!-- LogOut -->
        <test-method is-config="true" signature="RemovePOMObjects()[pri:0, instance:facebookproject10dec.testNg@409bf450]" started-at="2023-03-31T12:15:38 IST" name="RemovePOMObjects" finished-at="2023-03-31T12:15:38 IST" duration-ms="1" status="PASS">
          <reporter-output>
          </reporter-output>
        </test-method> <!-- RemovePOMObjects -->
        <test-method is-config="true" signature="CloseDriver()[pri:0, instance:facebookproject10dec.testNg@409bf450]" started-at="2023-03-31T12:15:38 IST" name="CloseDriver" finished-at="2023-03-31T12:15:39 IST" duration-ms="1471" status="PASS">
          <reporter-output>
          </reporter-output>
        </test-method> <!-- CloseDriver -->
      </class> <!-- facebookproject10dec.testNg -->
    </test> <!-- Firefox -->
  </suite> <!-- Suite 1234 -->
</testng-results>
