<?xml version="1.0" encoding="UTF-8"?>
<!-- Generated by org.testng.reporters.JUnitReportReporter -->
<testsuite hostname="DESKTOP-NRGEUNT" failures="0" tests="3" name="facebookproject10dec.testNg" time="14.599" errors="1" timestamp="2023-03-31T12:15:40 IST" skipped="1">
  <testcase classname="facebookproject10dec.testNg" name="verifyFeaturePage" time="0.000">
    <skipped/>
  </testcase> <!-- verifyFeaturePage -->
  <system-out/>
  <testcase classname="facebookproject10dec.testNg" name="launchBrowser" time="3.347">
    <error message="session not created: This version of ChromeDriver only supports Chrome version 108
Current browser version is 111.0.5563.147 with binary path C:\Program Files\Google\Chrome\Application\chrome.exe
Build info: version: &#039;3.141.59&#039;, revision: &#039;e82be7d358&#039;, time: &#039;2018-11-14T08:17:03&#039;
System info: host: &#039;DESKTOP-NRGEUNT&#039;, ip: &#039;192.168.43.142&#039;, os.name: &#039;Windows 10&#039;, os.arch: &#039;amd64&#039;, os.version: &#039;10.0&#039;, java.version: &#039;18.0.1.1&#039;
Driver info: driver.version: ChromeDriver
remote stacktrace: Backtrace:
	(No symbol) [0x0076E563]
	(No symbol) [0x006F7FC1]
	(No symbol) [0x005ED04D]
	(No symbol) [0x0060F6B4]
	(No symbol) [0x0060A97C]
	(No symbol) [0x006082E9]
	(No symbol) [0x0063F056]
	(No symbol) [0x0063EB2A]
	(No symbol) [0x00638386]
	(No symbol) [0x0061163C]
	(No symbol) [0x0061269D]
	GetHandleVerifier [0x00A09B82+2658722]
	GetHandleVerifier [0x009FCB84+2605476]
	GetHandleVerifier [0x0081825A+620666]
	GetHandleVerifier [0x00816E80+615584]
	(No symbol) [0x007005EC]
	(No symbol) [0x00705958]
	(No symbol) [0x00705A45]
	(No symbol) [0x0071050B]
	BaseThreadInitThunk [0x776100F9+25]
	RtlGetAppContainerNamedObjectPath [0x77757BBE+286]
	RtlGetAppContainerNamedObjectPath [0x77757B8E+238]
" type="org.openqa.selenium.SessionNotCreatedException">
      <![CDATA[org.openqa.selenium.SessionNotCreatedException: session not created: This version of ChromeDriver only supports Chrome version 108
Current browser version is 111.0.5563.147 with binary path C:\Program Files\Google\Chrome\Application\chrome.exe
Build info: version: '3.141.59', revision: 'e82be7d358', time: '2018-11-14T08:17:03'
System info: host: 'DESKTOP-NRGEUNT', ip: '192.168.43.142', os.name: 'Windows 10', os.arch: 'amd64', os.version: '10.0', java.version: '18.0.1.1'
Driver info: driver.version: ChromeDriver
remote stacktrace: Backtrace:
(No symbol) [0x0076E563]
(No symbol) [0x006F7FC1]
(No symbol) [0x005ED04D]
(No symbol) [0x0060F6B4]
(No symbol) [0x0060A97C]
(No symbol) [0x006082E9]
(No symbol) [0x0063F056]
(No symbol) [0x0063EB2A]
(No symbol) [0x00638386]
(No symbol) [0x0061163C]
(No symbol) [0x0061269D]
GetHandleVerifier [0x00A09B82+2658722]
GetHandleVerifier [0x009FCB84+2605476]
GetHandleVerifier [0x0081825A+620666]
GetHandleVerifier [0x00816E80+615584]
(No symbol) [0x007005EC]
(No symbol) [0x00705958]
(No symbol) [0x00705A45]
(No symbol) [0x0071050B]
BaseThreadInitThunk [0x776100F9+25]
RtlGetAppContainerNamedObjectPath [0x77757BBE+286]
RtlGetAppContainerNamedObjectPath [0x77757B8E+238]

at java.base/jdk.internal.reflect.DirectConstructorHandleAccessor.newInstance(DirectConstructorHandleAccessor.java:67)
at java.base/java.lang.reflect.Constructor.newInstanceWithCaller(Constructor.java:499)
at java.base/java.lang.reflect.Constructor.newInstance(Constructor.java:483)
at org.openqa.selenium.remote.W3CHandshakeResponse.lambda$errorHandler$0(W3CHandshakeResponse.java:62)
at org.openqa.selenium.remote.HandshakeResponse.lambda$getResponseFunction$0(HandshakeResponse.java:30)
at org.openqa.selenium.remote.ProtocolHandshake.lambda$createSession$0(ProtocolHandshake.java:126)
at java.base/java.util.stream.ReferencePipeline$3$1.accept(ReferencePipeline.java:197)
at java.base/java.util.Spliterators$ArraySpliterator.tryAdvance(Spliterators.java:1002)
at java.base/java.util.stream.ReferencePipeline.forEachWithCancel(ReferencePipeline.java:129)
at java.base/java.util.stream.AbstractPipeline.copyIntoWithCancel(AbstractPipeline.java:527)
at java.base/java.util.stream.AbstractPipeline.copyInto(AbstractPipeline.java:513)
at java.base/java.util.stream.AbstractPipeline.wrapAndCopyInto(AbstractPipeline.java:499)
at java.base/java.util.stream.FindOps$FindOp.evaluateSequential(FindOps.java:150)
at java.base/java.util.stream.AbstractPipeline.evaluate(AbstractPipeline.java:234)
at java.base/java.util.stream.ReferencePipeline.findFirst(ReferencePipeline.java:647)
at org.openqa.selenium.remote.ProtocolHandshake.createSession(ProtocolHandshake.java:128)
at org.openqa.selenium.remote.ProtocolHandshake.createSession(ProtocolHandshake.java:74)
at org.openqa.selenium.remote.HttpCommandExecutor.execute(HttpCommandExecutor.java:136)
at org.openqa.selenium.remote.service.DriverCommandExecutor.execute(DriverCommandExecutor.java:83)
at org.openqa.selenium.remote.RemoteWebDriver.execute(RemoteWebDriver.java:552)
at org.openqa.selenium.remote.RemoteWebDriver.startSession(RemoteWebDriver.java:213)
at org.openqa.selenium.remote.RemoteWebDriver.<init>(RemoteWebDriver.java:131)
at org.openqa.selenium.chrome.ChromeDriver.<init>(ChromeDriver.java:181)
at org.openqa.selenium.chrome.ChromeDriver.<init>(ChromeDriver.java:168)
at org.openqa.selenium.chrome.ChromeDriver.<init>(ChromeDriver.java:123)
at BrowserSetup.base.openChromeBrowser(base.java:13)
at facebookproject10dec.testNg.launchBrowser(testNg.java:46)
at java.base/jdk.internal.reflect.DirectMethodHandleAccessor.invoke(DirectMethodHandleAccessor.java:104)
at java.base/java.lang.reflect.Method.invoke(Method.java:577)
at org.testng.internal.MethodInvocationHelper.invokeMethod(MethodInvocationHelper.java:133)
at org.testng.internal.MethodInvocationHelper.invokeMethodConsideringTimeout(MethodInvocationHelper.java:62)
at org.testng.internal.ConfigInvoker.invokeConfigurationMethod(ConfigInvoker.java:385)
at org.testng.internal.ConfigInvoker.invokeConfigurations(ConfigInvoker.java:321)
at org.testng.TestRunner.invokeTestConfigurations(TestRunner.java:637)
at org.testng.TestRunner.beforeRun(TestRunner.java:627)
at org.testng.TestRunner.run(TestRunner.java:589)
at org.testng.SuiteRunner.runTest(SuiteRunner.java:377)
at org.testng.SuiteRunner.runSequentially(SuiteRunner.java:371)
at org.testng.SuiteRunner.privateRun(SuiteRunner.java:332)
at org.testng.SuiteRunner.run(SuiteRunner.java:276)
at org.testng.SuiteRunnerWorker.runSuite(SuiteRunnerWorker.java:53)
at org.testng.SuiteRunnerWorker.run(SuiteRunnerWorker.java:96)
at org.testng.TestNG.runSuitesSequentially(TestNG.java:1212)
at org.testng.TestNG.runSuitesLocally(TestNG.java:1134)
at org.testng.TestNG.runSuites(TestNG.java:1063)
at org.testng.TestNG.run(TestNG.java:1031)
at org.testng.remote.AbstractRemoteTestNG.run(AbstractRemoteTestNG.java:115)
at org.testng.remote.RemoteTestNG.initAndRun(RemoteTestNG.java:251)
at org.testng.remote.RemoteTestNG.main(RemoteTestNG.java:77)
]]>
    </error>
  </testcase> <!-- launchBrowser -->
  <system-out/>
  <testcase classname="facebookproject10dec.testNg" name="verifyFeaturePage" time="11.252"/>
  <system-out/>
</testsuite> <!-- facebookproject10dec.testNg -->
