<?xml version="1.0" encoding="UTF-8"?>
<!-- Generated by org.testng.reporters.JUnitXMLReporter -->
<testsuite ignored="0" hostname="DESKTOP-NRGEUNT" failures="0" tests="1" name="Chrome" time="3.479" errors="0" timestamp="2023-03-31T12:15:23 IST">
  <testcase classname="facebookproject10dec.testNg" name="@BeforeTest launchBrowser" time="3.347">
    <failure type="org.openqa.selenium.SessionNotCreatedException" message="session not created: This version of ChromeDriver only supports Chrome version 108
Current browser version is 111.0.5563.147 with binary path C:\Program Files\Google\Chrome\Application\chrome.exe
Build info: version: &amp;apos;3.141.59&amp;apos;, revision: &amp;apos;e82be7d358&amp;apos;, time: &amp;apos;2018-11-14T08:17:03&amp;apos;
System info: host: &amp;apos;DESKTOP-NRGEUNT&amp;apos;, ip: &amp;apos;192.168.43.142&amp;apos;, os.name: &amp;apos;Windows 10&amp;apos;, os.arch: &amp;apos;amd64&amp;apos;, os.version: &amp;apos;10.0&amp;apos;, java.version: &amp;apos;18.0.1.1&amp;apos;
Driver info: driver.version: ChromeDriver
remote stacktrace: Backtrace:
	(No symbol) [0x0076E563]
	(No symbol) [0x006F7FC1]
	(No symbol) [0x005ED04D]
	(No symbol) [0x0060F6B4]
	(No symbol) [0x0060A97C]
	(No symbol) [0x006082E9]
	(No symbol) [0x0063F056]
	(No symbol) [0x0063EB2A]
	(No symbol) [0x00638386]
	(No symbol) [0x0061163C]
	(No symbol) [0x0061269D]
	GetHandleVerifier [0x00A09B82+2658722]
	GetHandleVerifier [0x009FCB84+2605476]
	GetHandleVerifier [0x0081825A+620666]
	GetHandleVerifier [0x00816E80+615584]
	(No symbol) [0x007005EC]
	(No symbol) [0x00705958]
	(No symbol) [0x00705A45]
	(No symbol) [0x0071050B]
	BaseThreadInitThunk [0x776100F9+25]
	RtlGetAppContainerNamedObjectPath [0x77757BBE+286]
	RtlGetAppContainerNamedObjectPath [0x77757B8E+238]
">
      <![CDATA[org.openqa.selenium.SessionNotCreatedException: session not created: This version of ChromeDriver only supports Chrome version 108
Current browser version is 111.0.5563.147 with binary path C:\Program Files\Google\Chrome\Application\chrome.exe
Build info: version: '3.141.59', revision: 'e82be7d358', time: '2018-11-14T08:17:03'
System info: host: 'DESKTOP-NRGEUNT', ip: '192.168.43.142', os.name: 'Windows 10', os.arch: 'amd64', os.version: '10.0', java.version: '18.0.1.1'
Driver info: driver.version: ChromeDriver
remote stacktrace: Backtrace:
(No symbol) [0x0076E563]
(No symbol) [0x006F7FC1]
(No symbol) [0x005ED04D]
(No symbol) [0x0060F6B4]
(No symbol) [0x0060A97C]
(No symbol) [0x006082E9]
(No symbol) [0x0063F056]
(No symbol) [0x0063EB2A]
(No symbol) [0x00638386]
(No symbol) [0x0061163C]
(No symbol) [0x0061269D]
GetHandleVerifier [0x00A09B82+2658722]
GetHandleVerifier [0x009FCB84+2605476]
GetHandleVerifier [0x0081825A+620666]
GetHandleVerifier [0x00816E80+615584]
(No symbol) [0x007005EC]
(No symbol) [0x00705958]
(No symbol) [0x00705A45]
(No symbol) [0x0071050B]
BaseThreadInitThunk [0x776100F9+25]
RtlGetAppContainerNamedObjectPath [0x77757BBE+286]
RtlGetAppContainerNamedObjectPath [0x77757B8E+238]

at org.openqa.selenium.remote.W3CHandshakeResponse.lambda$errorHandler$0(W3CHandshakeResponse.java:62)
at org.openqa.selenium.remote.HandshakeResponse.lambda$getResponseFunction$0(HandshakeResponse.java:30)
at org.openqa.selenium.remote.ProtocolHandshake.lambda$createSession$0(ProtocolHandshake.java:126)
at java.base/java.util.stream.ReferencePipeline$3$1.accept(ReferencePipeline.java:197)
at java.base/java.util.Spliterators$ArraySpliterator.tryAdvance(Spliterators.java:1002)
at java.base/java.util.stream.ReferencePipeline.forEachWithCancel(ReferencePipeline.java:129)
at java.base/java.util.stream.AbstractPipeline.copyIntoWithCancel(AbstractPipeline.java:527)
at java.base/java.util.stream.AbstractPipeline.copyInto(AbstractPipeline.java:513)
at java.base/java.util.stream.AbstractPipeline.wrapAndCopyInto(AbstractPipeline.java:499)
at java.base/java.util.stream.FindOps$FindOp.evaluateSequential(FindOps.java:150)
at java.base/java.util.stream.AbstractPipeline.evaluate(AbstractPipeline.java:234)
at java.base/java.util.stream.ReferencePipeline.findFirst(ReferencePipeline.java:647)
at org.openqa.selenium.remote.ProtocolHandshake.createSession(ProtocolHandshake.java:128)
at org.openqa.selenium.remote.ProtocolHandshake.createSession(ProtocolHandshake.java:74)
at org.openqa.selenium.remote.HttpCommandExecutor.execute(HttpCommandExecutor.java:136)
at org.openqa.selenium.remote.service.DriverCommandExecutor.execute(DriverCommandExecutor.java:83)
at org.openqa.selenium.remote.RemoteWebDriver.execute(RemoteWebDriver.java:552)
at org.openqa.selenium.remote.RemoteWebDriver.startSession(RemoteWebDriver.java:213)
at org.openqa.selenium.remote.RemoteWebDriver.<init>(RemoteWebDriver.java:131)
at org.openqa.selenium.chrome.ChromeDriver.<init>(ChromeDriver.java:181)
at org.openqa.selenium.chrome.ChromeDriver.<init>(ChromeDriver.java:168)
at org.openqa.selenium.chrome.ChromeDriver.<init>(ChromeDriver.java:123)
at BrowserSetup.base.openChromeBrowser(base.java:13)
at facebookproject10dec.testNg.launchBrowser(testNg.java:46)
... Removed 25 stack frames]]>
    </failure>
  </testcase> <!-- @BeforeTest launchBrowser -->
  <testcase classname="facebookproject10dec.testNg" name="@BeforeClass CreatePOMObjects" time="-1.680245123323E9">
    <skipped/>
  </testcase> <!-- @BeforeClass CreatePOMObjects -->
  <testcase classname="facebookproject10dec.testNg" name="@BeforeMethod verifyHomePage" time="-1.680245123341E9">
    <skipped/>
  </testcase> <!-- @BeforeMethod verifyHomePage -->
  <testcase classname="facebookproject10dec.testNg" name="@AfterMethod LogOut" time="-1.680245123365E9">
    <skipped/>
  </testcase> <!-- @AfterMethod LogOut -->
  <testcase classname="facebookproject10dec.testNg" name="@AfterClass RemovePOMObjects" time="-1.680245123376E9">
    <skipped/>
  </testcase> <!-- @AfterClass RemovePOMObjects -->
  <testcase classname="facebookproject10dec.testNg" name="@AfterTest CloseDriver" time="-1.680245123385E9">
    <skipped/>
  </testcase> <!-- @AfterTest CloseDriver -->
  <testcase classname="facebookproject10dec.testNg" name="verifyFeaturePage" time="0.0">
    <skipped/>
  </testcase> <!-- verifyFeaturePage -->
</testsuite> <!-- Chrome -->
